Data e Hora: 05/04/2016 23:20:53 - Log de acoes no Sistema de Alocacao de Salas

Data e Hora: 05/04/2016 23:21:04 - Acao: Adicionar Sala - Valores (ID = SA-67, Capacidade = 56, Finalidade = Sala de Aula, Tipo = Normal, Apelido = , Aberta = false)
Data e Hora: 05/04/2016 23:21:09 - Acao: Remover Sala - Valores (ID = SA-88)
Data e Hora: 05/04/2016 23:21:46 - Acao: Adicionar Evento - Valores (ID = EV-88, Nome = hjkl, Inicio = 21/11/1111 11:12, Fim = 21/11/1111 11:29, Area = 234, Contato = 234, Repeticoes = 0)
Data e Hora: 05/04/2016 23:21:49 - Acao: Remover Evento - Valores (ID = EV)
Data e Hora: 05/04/2016 23:21:53 - Acao: Adicionar Alocacao - Valores (ID-SALA = SA-67, ID-EVENTO = EV-88)
Data e Hora: 05/04/2016 23:21:57 - Acao: Remover Alocacao - Valores (ID-EVENTO ALOCADO = EV-88)
Data e Hora: 06/04/2016 02:24:38 - Acao: Adicionar Sala - Valores (ID = SA-00, Capacidade = 55, Finalidade = Sala de Aula, Tipo = Normal, Apelido = primeira cadastrada!, Aberta = true)
Data e Hora: 06/04/2016 02:24:52 - Acao: Remover Sala - Valores (ID = SA-67)
Data e Hora: 06/04/2016 02:25:33 - Acao: Adicionar Evento - Valores (ID = EV-99, Nome = 54, Inicio = 21/11/1111 11:11, Fim = 21/11/1111 11:33, Area = primeiro evento cadastrado, Contato = cadastrado, Repeticoes = 6)
Data e Hora: 06/04/2016 02:25:37 - Acao: Remover Evento - Valores (ID = EV-88)
Data e Hora: 06/04/2016 02:25:44 - Acao: Adicionar Alocacao - Valores (ID-SALA = SA-00, ID-EVENTO = EV-99)
Data e Hora: 06/04/2016 02:32:07 - Acao: Adicionar Sala - Valores (ID = SA-88, Capacidade = 67, Finalidade = Sala de Aula, Tipo = Inteligente, Apelido = segunda, mas demfdsifkd, Aberta = false)
Data e Hora: 06/04/2016 02:34:16 - Acao: Adicionar Sala - Valores (ID = SC-89, Capacidade = 76, Finalidade = Sala de conferencia, Tipo = Videoconferencia, Apelido = terceira, bronze! BRASIL COM S, Aberta = false)
Data e Hora: 06/04/2016 02:34:21 - Acao: Remover Sala (desfazer adicao) - Valores (ID = SC-89)
Data e Hora: 06/04/2016 02:34:42 - Acao: Remover Sala (desfazer adicao) - Valores (ID = SC-89)
Data e Hora: 06/04/2016 02:34:48 - Acao: Remover Sala (desfazer adicao) - Valores (ID = SC-89)
Data e Hora: 06/04/2016 02:34:51 - Acao: Remover Sala (desfazer adicao) - Valores (ID = SC-89)
Data e Hora: 06/04/2016 02:37:54 - Acao: Adicionar Sala - Valores (ID = VC-19, Capacidade = 99, Finalidade = Sala de Aula, Tipo = Normal, Apelido = teste menos bug, Aberta = false)
Data e Hora: 06/04/2016 02:38:29 - Acao: Remover Sala (desfazer adicao) - Valores (ID = VC-19)
Data e Hora: 06/04/2016 02:40:48 - Acao: Remover Sala - Valores (ID = SA-88)
Data e Hora: 06/04/2016 02:40:50 - Acao: Adicionar Sala (desfazer remocao) - Valores (ID = SA-88, Capacidade = 67, Finalidade = Sala de Aula, Tipo = Inteligente, Apelido = segunda, mas demfdsifkd, Aberta = false)
Data e Hora: 06/04/2016 02:42:43 - Acao: Remover Sala - Valores (ID = SA-88)
Data e Hora: 06/04/2016 02:42:45 - Acao: Adicionar Sala (desfazer remocao) - Valores (ID = SA-88, Capacidade = 67, Finalidade = Sala de Aula, Tipo = Inteligente, Apelido = segunda, mas demfdsifkd, Aberta = false)
Data e Hora: 06/04/2016 02:43:14 - Acao: Adicionar Sala - Valores (ID = SZ-88, Capacidade = 56, Finalidade = Sala de Aula, Tipo = Normal, Apelido = yes quarindo show, Aberta = false)
Data e Hora: 06/04/2016 02:43:28 - Acao: Remover Evento - Valores (ID = EV-99)
Data e Hora: 06/04/2016 02:43:35 - Acao: Adicionar Evento (desfazer remocao) - Valores (ID = EV-99, Nome = 54, Inicio = 21/11/1111 11:11, Fim = 21/11/1111 11:33, Area = primeiro evento cadastrado, Contato = cadastrado, Repeticoes = 6)
Data e Hora: 06/04/2016 02:43:42 - Acao: Remover Sala (desfazer adicao) - Valores (ID = SZ-88)
Data e Hora: 06/04/2016 02:47:54 - Acao: Remover Sala - Valores (ID = SA-88)
Data e Hora: 06/04/2016 02:47:58 - Acao: Remover Sala - Valores (ID = SA-00)
Data e Hora: 06/04/2016 02:48:00 - Acao: Adicionar Sala (desfazer remocao) - Valores (ID = SA-00, Capacidade = 55, Finalidade = Sala de Aula, Tipo = Normal, Apelido = primeira cadastrada!, Aberta = true)
Data e Hora: 06/04/2016 02:48:01 - Acao: Adicionar Sala (desfazer remocao) - Valores (ID = SA-88, Capacidade = 67, Finalidade = Sala de Aula, Tipo = Inteligente, Apelido = segunda, mas demfdsifkd, Aberta = false)
Data e Hora: 06/04/2016 02:48:15 - Acao: Adicionar Sala - Valores (ID = Sa-77, Capacidade = 45, Finalidade = Sala de Aula, Tipo = Normal, Apelido = dd, Aberta = true)
Data e Hora: 06/04/2016 02:48:24 - Acao: Remover Sala - Valores (ID = Sa-77)
Data e Hora: 06/04/2016 02:48:33 - Acao: Remover Sala - Valores (ID = SA-88)
Data e Hora: 06/04/2016 02:48:37 - Acao: Adicionar Sala (desfazer remocao) - Valores (ID = SA-88, Capacidade = 67, Finalidade = Sala de Aula, Tipo = Inteligente, Apelido = segunda, mas demfdsifkd, Aberta = false)
Data e Hora: 06/04/2016 02:48:40 - Acao: Adicionar Sala (desfazer remocao) - Valores (ID = Sa-77, Capacidade = 45, Finalidade = Sala de Aula, Tipo = Normal, Apelido = dd, Aberta = true)
Data e Hora: 06/04/2016 02:48:42 - Acao: Remover Sala (desfazer adicao) - Valores (ID = Sa-77)
Data e Hora: 06/04/2016 02:49:11 - Acao: Remover Evento - Valores (ID = EV-99)
Data e Hora: 06/04/2016 02:49:14 - Acao: Adicionar Evento (desfazer remocao) - Valores (ID = EV-99, Nome = 54, Inicio = 21/11/1111 11:11, Fim = 21/11/1111 11:33, Area = primeiro evento cadastrado, Contato = cadastrado, Repeticoes = 6)
Data e Hora: 06/04/2016 02:49:24 - Acao: Adicionar Alocacao - Valores (ID-SALA = SA-00, ID-EVENTO = EV-99)
Data e Hora: 06/04/2016 02:49:32 - Acao: Remover Alocacao (desfazer adicao) - Valores (ID-EVENTO ALOCADO = EV-99)
Data e Hora: 06/04/2016 02:49:41 - Acao: Adicionar Alocacao - Valores (ID-SALA = SA-00, ID-EVENTO = EV-99)
Data e Hora: 06/04/2016 02:49:51 - Acao: Remover Alocacao - Valores (ID-EVENTO ALOCADO = EV-99)
Data e Hora: 06/04/2016 02:49:53 - Acao: Adicionar Alocacao (desfazer remocao) - Valores (ID-SALA = SA-00, ID-EVENTO = EV-99)
Data e Hora: 06/04/2016 02:50:03 - Acao: Remover Alocacao - Valores (ID-EVENTO ALOCADO = EV-99)
Data e Hora: 06/04/2016 02:50:13 - Acao: Remover Evento - Valores (ID = EV-99)
Data e Hora: 06/04/2016 02:50:17 - Acao: Adicionar Evento (desfazer remocao) - Valores (ID = EV-99, Nome = 54, Inicio = 21/11/1111 11:11, Fim = 21/11/1111 11:33, Area = primeiro evento cadastrado, Contato = cadastrado, Repeticoes = 6)
Data e Hora: 06/04/2016 02:50:20 - Acao: Adicionar Alocacao (desfazer remocao) - Valores (ID-SALA = SA-00, ID-EVENTO = EV-99)
Data e Hora: 06/04/2016 02:51:07 - Acao: Remover Sala - Valores (ID = SA-88)
Data e Hora: 06/04/2016 02:51:12 - Acao: Remover Sala - Valores (ID = SA-00)
Data e Hora: 06/04/2016 02:51:15 - Acao: Remover Evento - Valores (ID = EV-99)
Data e Hora: 06/04/2016 02:51:17 - Acao: Adicionar Evento (desfazer remocao) - Valores (ID = EV-99, Nome = 54, Inicio = 21/11/1111 11:11, Fim = 21/11/1111 11:33, Area = primeiro evento cadastrado, Contato = cadastrado, Repeticoes = 6)
Data e Hora: 06/04/2016 02:51:18 - Acao: Adicionar Sala (desfazer remocao) - Valores (ID = SA-00, Capacidade = 55, Finalidade = Sala de Aula, Tipo = Normal, Apelido = primeira cadastrada!, Aberta = true)
Data e Hora: 06/04/2016 02:51:19 - Acao: Adicionar Sala (desfazer remocao) - Valores (ID = SA-88, Capacidade = 67, Finalidade = Sala de Aula, Tipo = Inteligente, Apelido = segunda, mas demfdsifkd, Aberta = false)
Data e Hora: 06/04/2016 02:51:29 - Acao: Adicionar Alocacao - Valores (ID-SALA = SA-00, ID-EVENTO = EV-99)
Data e Hora: 06/04/2016 02:51:36 - Acao: Adicionar Alocacao - Valores (ID-SALA = SA-88, ID-EVENTO = EV-99)
Data e Hora: 06/04/2016 02:52:08 - Acao: Remover Sala - Valores (ID = SA-88)
Data e Hora: 06/04/2016 02:52:10 - Acao: Adicionar Sala (desfazer remocao) - Valores (ID = SA-88, Capacidade = 67, Finalidade = Sala de Aula, Tipo = Inteligente, Apelido = segunda, mas demfdsifkd, Aberta = false)
Data e Hora: 06/04/2016 02:54:31 - Acao: Adicionar Sala - Valores (ID = SD, Capacidade = 3, Finalidade = Sala de conferencia, Tipo = Normal, Apelido = , Aberta = false)
Data e Hora: 06/04/2016 02:54:34 - Acao: Remover Sala (desfazer adicao) - Valores (ID = SD)
Data e Hora: 06/04/2016 02:58:58 - Acao: Remover Alocacao - Valores (ID-EVENTO ALOCADO = EV-99)
Data e Hora: 06/04/2016 02:59:00 - Acao: Adicionar Alocacao (desfazer remocao) - Valores (ID-SALA = SA-00, ID-EVENTO = EV-99)
Data e Hora: 06/04/2016 02:59:08 - Acao: Remover Alocacao - Valores (ID-EVENTO ALOCADO = EV-99)
Data e Hora: 06/04/2016 02:59:11 - Acao: Remover Evento - Valores (ID = EV-99)
Data e Hora: 06/04/2016 02:59:13 - Acao: Adicionar Evento (desfazer remocao) - Valores (ID = EV-99, Nome = 54, Inicio = 21/11/1111 11:11, Fim = 21/11/1111 11:33, Area = primeiro evento cadastrado, Contato = cadastrado, Repeticoes = 6)
Data e Hora: 06/04/2016 02:59:17 - Acao: Adicionar Alocacao (desfazer remocao) - Valores (ID-SALA = SA-00, ID-EVENTO = EV-99)
Data e Hora: 06/04/2016 02:59:30 - Acao: Remover Alocacao - Valores (ID-EVENTO ALOCADO = EV-99)
Data e Hora: 06/04/2016 02:59:33 - Acao: Remover Evento - Valores (ID = EV-99)
Data e Hora: 06/04/2016 02:59:55 - Acao: Adicionar Evento (desfazer remocao) - Valores (ID = EV-99, Nome = 54, Inicio = 21/11/1111 11:11, Fim = 21/11/1111 11:33, Area = primeiro evento cadastrado, Contato = cadastrado, Repeticoes = 6)
Data e Hora: 06/04/2016 02:59:57 - Acao: Adicionar Alocacao (desfazer remocao) - Valores (ID-SALA = SA-00, ID-EVENTO = EV-99)
Data e Hora: 06/04/2016 03:00:15 - Acao: Remover Alocacao - Valores (ID-EVENTO ALOCADO = EV-99)
Data e Hora: 06/04/2016 03:00:16 - Acao: Adicionar Alocacao (desfazer remocao) - Valores (ID-SALA = SA-00, ID-EVENTO = EV-99)
Data e Hora: 06/04/2016 03:06:51 - Acao: Remover Sala - Valores (ID = SA-88)
Data e Hora: 06/04/2016 03:08:22 - Acao: Remover Sala - Valores (ID = SA-00)
Data e Hora: 06/04/2016 03:08:25 - Acao: Adicionar Sala (desfazer remocao) - Valores (ID = SA-00, Capacidade = 55, Finalidade = Sala de Aula, Tipo = Normal, Apelido = primeira cadastrada!, Aberta = true)
Data e Hora: 06/04/2016 03:11:50 - Acao: Adicionar Alocacao - Valores (ID-SALA = SA-00, ID-EVENTO = EV-99)
Data e Hora: 06/04/2016 03:11:54 - Acao: Remover Alocacao - Valores (ID-EVENTO ALOCADO = EV-99)
Data e Hora: 06/04/2016 03:11:56 - Acao: Adicionar Alocacao (desfazer remocao) - Valores (ID-SALA = SA-00, ID-EVENTO = EV-99)
Data e Hora: 06/04/2016 03:12:00 - Acao: Remover Alocacao (desfazer adicao) - Valores (ID-EVENTO ALOCADO = EV-99)
Data e Hora: 06/04/2016 03:12:58 - Acao: Adicionar Evento - Valores (ID = e, Nome = e, Inicio = 11/11/1111 11:11, Fim = 11/11/1111 11:12, Area = fv, Contato = vr, Repeticoes = 3)
Data e Hora: 06/04/2016 03:13:00 - Acao: Remover Evento - Valores (ID = e)
Data e Hora: 06/04/2016 03:13:01 - Acao: Adicionar Evento (desfazer remocao) - Valores (ID = e, Nome = e, Inicio = 11/11/1111 11:11, Fim = 11/11/1111 11:12, Area = fv, Contato = vr, Repeticoes = 3)
Data e Hora: 06/04/2016 03:13:04 - Acao: Remover Evento (desfazer adicao) - Valores (ID = e)
Data e Hora: 06/04/2016 03:13:28 - Acao: Adicionar Evento - Valores (ID = 3, Nome = 3, Inicio = 11/11/1111 11:11, Fim = 11/11/1111 11:12, Area = eff, Contato = effe, Repeticoes = 3)
Data e Hora: 06/04/2016 03:13:40 - Acao: Adicionar Alocacao - Valores (ID-SALA = SA-00, ID-EVENTO = 3)
Data e Hora: 06/04/2016 03:13:43 - Acao: Remover Alocacao - Valores (ID-EVENTO ALOCADO = 3)
Data e Hora: 06/04/2016 03:13:45 - Acao: Adicionar Alocacao (desfazer remocao) - Valores (ID-SALA = SA-00, ID-EVENTO = 3)
Data e Hora: 06/04/2016 03:13:51 - Acao: Remover Alocacao (desfazer adicao) - Valores (ID-EVENTO ALOCADO = 3)
Data e Hora: 06/04/2016 03:13:55 - Acao: Remover Evento (desfazer adicao) - Valores (ID = 3)
Data e Hora: 06/04/2016 19:33:20 - Acao: Remover Sala - Valores (ID = SA-00)
Data e Hora: 06/04/2016 19:33:24 - Acao: Adicionar Sala (desfazer remocao) - Valores (ID = SA-00, Capacidade = 55, Finalidade = Sala de Aula, Tipo = Normal, Apelido = primeira cadastrada!, Aberta = true)
Data e Hora: 06/04/2016 19:33:57 - Acao: Adicionar Sala - Valores (ID = Sa-88, Capacidade = 1234, Finalidade = Sala de Aula, Tipo = Normal, Apelido = , Aberta = false)
Data e Hora: 06/04/2016 19:34:02 - Acao: Remover Sala (desfazer adicao) - Valores (ID = Sa-88)
Data e Hora: 06/04/2016 19:34:07 - Acao: Remover Sala - Valores (ID = SA-00)
Data e Hora: 06/04/2016 19:34:08 - Acao: Adicionar Sala (desfazer remocao) - Valores (ID = SA-00, Capacidade = 55, Finalidade = Sala de Aula, Tipo = Normal, Apelido = primeira cadastrada!, Aberta = true)
Data e Hora: 06/04/2016 19:34:18 - Acao: Remover Sala - Valores (ID = SA-00)
Data e Hora: 06/04/2016 19:34:21 - Acao: Remover Evento - Valores (ID = EV-99)
Data e Hora: 06/04/2016 19:34:22 - Acao: Adicionar Evento (desfazer remocao) - Valores (ID = EV-99, Nome = 54, Inicio = 21/11/1111 11:11, Fim = 21/11/1111 11:33, Area = primeiro evento cadastrado, Contato = cadastrado, Repeticoes = 6)
Data e Hora: 06/04/2016 19:34:26 - Acao: Adicionar Sala (desfazer remocao) - Valores (ID = SA-00, Capacidade = 55, Finalidade = Sala de Aula, Tipo = Normal, Apelido = primeira cadastrada!, Aberta = true)
Data e Hora: 06/04/2016 19:34:50 - Acao: Adicionar Evento - Valores (ID = ss, Nome = ssssssssss, Inicio = 11/11/1111 11:11, Fim = 11/11/1111 11:11, Area = f, Contato = r, Repeticoes = 0)
Data e Hora: 06/04/2016 19:35:53 - Acao: Adicionar Evento - Valores (ID = aa, Nome = 111, Inicio = 11/11/1111 11:11, Fim = 11/11/1111 11:11, Area = ws, Contato = ws, Repeticoes = 3)
Data e Hora: 06/04/2016 19:36:12 - Acao: Adicionar Alocacao - Valores (ID-SALA = SA-00, ID-EVENTO = ss)
Data e Hora: 06/04/2016 19:36:17 - Acao: Adicionar Alocacao - Valores (ID-SALA = SA-00, ID-EVENTO = aa)
Data e Hora: 06/04/2016 19:36:37 - Acao: Remover Evento - Valores (ID = aa)
Data e Hora: 06/04/2016 19:36:39 - Acao: Remover Evento - Valores (ID = ss)
Data e Hora: 06/04/2016 19:37:00 - Acao: Adicionar Evento - Valores (ID = ed, Nome = ed, Inicio = 14/11/1111 11:11, Fim = 14/11/1111 11:11, Area = f, Contato = f, Repeticoes = 0)
Data e Hora: 06/04/2016 19:37:18 - Acao: Adicionar Evento - Valores (ID = ws, Nome = 14, Inicio = 14/11/1111 11:11, Fim = 14/11/1111 11:11, Area = e, Contato = d, Repeticoes = 0)
Data e Hora: 06/04/2016 19:38:15 - Acao: Adicionar Alocacao - Valores (ID-SALA = SA-00, ID-EVENTO = ws)
Data e Hora: 06/04/2016 19:38:24 - Acao: Adicionar Alocacao - Valores (ID-SALA = SA-00, ID-EVENTO = ed)
Data e Hora: 06/04/2016 19:38:51 - Acao: Adicionar Alocacao - Valores (ID-SALA = SA-00, ID-EVENTO = ed)
Data e Hora: 06/04/2016 19:39:48 - Acao: Remover Evento - Valores (ID = EV-99)
Data e Hora: 06/04/2016 19:39:56 - Acao: Adicionar Alocacao - Valores (ID-SALA = SA-00, ID-EVENTO = ed)
Data e Hora: 06/04/2016 19:48:01 - Acao: Remover Evento - Valores (ID = ed)
Data e Hora: 06/04/2016 19:48:03 - Acao: Remover Evento - Valores (ID = ws)
Data e Hora: 06/04/2016 19:48:38 - Acao: Adicionar Evento - Valores (ID = ev1, Nome = 12, Inicio = 01/01/2016 18:00, Fim = 01/01/2016 22:00, Area = tyui, Contato = hjk, Repeticoes = 0)
Data e Hora: 06/04/2016 19:49:28 - Acao: Adicionar Evento - Valores (ID = ev2, Nome = dd, Inicio = 01/01/2016 19:00, Fim = 01/01/2016 20:00, Area = d, Contato = d, Repeticoes = 0)
Data e Hora: 06/04/2016 19:49:33 - Acao: Adicionar Alocacao - Valores (ID-SALA = SA-00, ID-EVENTO = ev1)
Data e Hora: 06/04/2016 19:49:37 - Acao: Adicionar Alocacao - Valores (ID-SALA = SA-00, ID-EVENTO = ev2)
Data e Hora: 06/04/2016 19:50:06 - Acao: Remover Evento - Valores (ID = ev2)
Data e Hora: 06/04/2016 19:50:35 - Acao: Adicionar Evento - Valores (ID = ev2, Nome = dddddd, Inicio = 01/01/2016 19:00, Fim = 01/01/2016 22:00, Area = tyu, Contato = hjk, Repeticoes = 0)
Data e Hora: 06/04/2016 19:50:41 - Acao: Adicionar Alocacao - Valores (ID-SALA = SA-00, ID-EVENTO = ev2)
Data e Hora: 06/04/2016 19:50:45 - Acao: Adicionar Alocacao - Valores (ID-SALA = SA-00, ID-EVENTO = ev1)
Data e Hora: 06/04/2016 19:50:50 - Acao: Adicionar Alocacao - Valores (ID-SALA = SA-00, ID-EVENTO = ev2)
Data e Hora: 06/04/2016 19:51:18 - Acao: Adicionar Alocacao - Valores (ID-SALA = SA-00, ID-EVENTO = ev2)
Data e Hora: 06/04/2016 19:51:45 - Acao: Remover Evento - Valores (ID = ev2)
Data e Hora: 06/04/2016 19:51:48 - Acao: Remover Evento - Valores (ID = ev1)
Data e Hora: 06/04/2016 19:53:00 - Acao: Adicionar Evento - Valores (ID = ev-01, Nome = dfghj, Inicio = 01/01/2016 18:00, Fim = 01/01/2016 22:00, Area = dfhlç, Contato = fghj, Repeticoes = 0)
Data e Hora: 06/04/2016 19:53:27 - Acao: Adicionar Evento - Valores (ID = ev2, Nome = fgh, Inicio = 01/01/2016 19:00, Fim = 01/01/2016 22:30, Area = ghj, Contato = hj, Repeticoes = 0)
Data e Hora: 06/04/2016 19:53:34 - Acao: Adicionar Alocacao - Valores (ID-SALA = SA-00, ID-EVENTO = ev-01)
Data e Hora: 06/04/2016 19:53:39 - Acao: Adicionar Alocacao - Valores (ID-SALA = SA-00, ID-EVENTO = ev2)
Data e Hora: 06/04/2016 20:19:56 - Acao: Remover Evento - Valores (ID = ev2)
Data e Hora: 06/04/2016 20:19:57 - Acao: Remover Evento - Valores (ID = ev-01)
Data e Hora: 06/04/2016 20:21:12 - Acao: Adicionar Evento - Valores (ID = EV-01, Nome = evento teste, Inicio = 01/01/2016 05:00, Fim = 01/01/2016 10:00, Area = nada, Contato = nada, Repeticoes = 0)
Data e Hora: 06/04/2016 20:22:14 - Acao: Adicionar Evento - Valores (ID = EV-02, Nome = teste intruso, Inicio = 01/01/2016 04:00, Fim = 01/01/2016 06:00, Area = dfgh, Contato = dfg, Repeticoes = 0)
Data e Hora: 06/04/2016 20:22:21 - Acao: Adicionar Alocacao - Valores (ID-SALA = SA-00, ID-EVENTO = EV-01)
Data e Hora: 06/04/2016 20:22:26 - Acao: Adicionar Alocacao - Valores (ID-SALA = SA-00, ID-EVENTO = EV-02)
Data e Hora: 06/04/2016 20:22:49 - Acao: Remover Evento - Valores (ID = EV-02)
Data e Hora: 06/04/2016 20:23:34 - Acao: Adicionar Evento - Valores (ID = EV-02, Nome = ttt, Inicio = 01/01/2016 05:00, Fim = 01/01/2016 10:00, Area = dfghjk, Contato = hj, Repeticoes = 0)
Data e Hora: 06/04/2016 20:23:47 - Acao: Adicionar Alocacao - Valores (ID-SALA = SA-00, ID-EVENTO = EV-02)
Data e Hora: 06/04/2016 20:24:00 - Acao: Remover Evento - Valores (ID = EV-02)
Data e Hora: 06/04/2016 20:24:42 - Acao: Adicionar Evento - Valores (ID = EV-02, Nome = ghj, Inicio = 01/01/2016 05:00, Fim = 01/01/2016 06:00, Area = ewqqe, Contato = ewqeqw, Repeticoes = 0)
Data e Hora: 06/04/2016 20:24:47 - Acao: Adicionar Alocacao - Valores (ID-SALA = SA-00, ID-EVENTO = EV-02)
Data e Hora: 06/04/2016 20:25:00 - Acao: Remover Evento - Valores (ID = EV-02)
Data e Hora: 06/04/2016 20:26:14 - Acao: Adicionar Evento - Valores (ID = EV-02, Nome = ghj, Inicio = 01/01/2016 04:00, Fim = 01/01/2016 10:00, Area = gh, Contato = gh, Repeticoes = 0)
Data e Hora: 06/04/2016 20:26:19 - Acao: Adicionar Alocacao - Valores (ID-SALA = SA-00, ID-EVENTO = EV-02)
Data e Hora: 06/04/2016 20:27:10 - Acao: Remover Evento - Valores (ID = EV-02)
Data e Hora: 06/04/2016 20:27:39 - Acao: Adicionar Sala - Valores (ID = SA-ghjk, Capacidade = 66, Finalidade = Sala de Aula, Tipo = Normal, Apelido = ghjk, Aberta = false)
Data e Hora: 06/04/2016 20:27:41 - Acao: Remover Sala (desfazer adicao) - Valores (ID = SA-ghjk)
Data e Hora: 06/04/2016 20:27:48 - Acao: Adicionar Evento (desfazer remocao) - Valores (ID = EV-02, Nome = ghj, Inicio = 01/01/2016 04:00, Fim = 01/01/2016 10:00, Area = gh, Contato = gh, Repeticoes = 0)
Data e Hora: 06/04/2016 20:27:55 - Acao: Remover Alocacao (desfazer adicao) - Valores (ID-EVENTO ALOCADO = EV-02)
Data e Hora: 06/04/2016 20:28:11 - Acao: Remover Alocacao (desfazer adicao) - Valores (ID-EVENTO ALOCADO = EV-02)
Data e Hora: 06/04/2016 20:28:36 - Acao: Remover Evento - Valores (ID = EV-02)
Data e Hora: 06/04/2016 20:28:37 - Acao: Adicionar Evento (desfazer remocao) - Valores (ID = EV-02, Nome = ghj, Inicio = 01/01/2016 04:00, Fim = 01/01/2016 10:00, Area = gh, Contato = gh, Repeticoes = 0)
Data e Hora: 06/04/2016 20:28:39 - Acao: Remover Alocacao (desfazer adicao) - Valores (ID-EVENTO ALOCADO = EV-02)
Data e Hora: 06/04/2016 20:28:54 - Acao: Remover Evento - Valores (ID = EV-02)
Data e Hora: 06/04/2016 20:29:54 - Acao: Adicionar Alocacao - Valores (ID-SALA = SA-00, ID-EVENTO = EV-01)
Data e Hora: 06/04/2016 20:32:32 - Acao: Adicionar Evento - Valores (ID = EV-02, Nome = eee, Inicio = 01/01/2016 04:00, Fim = 01/01/2016 05:00, Area = tgui, Contato = ghjk, Repeticoes = 0)
Data e Hora: 06/04/2016 20:32:47 - Acao: Adicionar Alocacao - Valores (ID-SALA = SA-00, ID-EVENTO = EV-02)
Data e Hora: 06/04/2016 20:56:45 - Acao: Adicionar Alocacao - Valores (ID-SALA = SA-00, ID-EVENTO = EV-02)
Data e Hora: 06/04/2016 21:23:43 - Acao: Adicionar Alocacao - Valores (ID-SALA = SA-00, ID-EVENTO = EV-02)
Data e Hora: 06/04/2016 21:25:30 - Acao: Remover Evento - Valores (ID = EV-02)
Data e Hora: 06/04/2016 21:26:04 - Acao: Adicionar Evento - Valores (ID = EV-02, Nome = ddd, Inicio = 01/01/2016 04:00, Fim = 01/01/2016 11:00, Area = w, Contato = w, Repeticoes = 0)
Data e Hora: 06/04/2016 21:26:10 - Acao: Adicionar Alocacao - Valores (ID-SALA = SA-00, ID-EVENTO = EV-02)
Data e Hora: 06/04/2016 21:47:23 - Acao: Remover Alocacao - Valores (ID-EVENTO ALOCADO = EV-02)
Data e Hora: 06/04/2016 21:47:26 - Acao: Remover Evento - Valores (ID = EV-02)
Data e Hora: 06/04/2016 21:51:33 - Acao: Adicionar Evento - Valores (ID = EV-02, Nome = ddd, Inicio = 01/01/2016 05:00, Fim = 01/01/2016 11:00, Area = fg, Contato = h, Repeticoes = 0)
Data e Hora: 06/04/2016 21:51:40 - Acao: Adicionar Alocacao - Valores (ID-SALA = SA-00, ID-EVENTO = EV-02)
Data e Hora: 06/04/2016 21:52:31 - Acao: Remover Evento - Valores (ID = EV-02)
Data e Hora: 06/04/2016 21:53:48 - Acao: Adicionar Evento - Valores (ID = EV-02, Nome = et, Inicio = 01/01/2016 05:02, Fim = 01/01/2016 05:30, Area = fgh, Contato = gh, Repeticoes = 0)
Data e Hora: 06/04/2016 21:53:56 - Acao: Adicionar Alocacao - Valores (ID-SALA = SA-00, ID-EVENTO = EV-02)
Data e Hora: 06/04/2016 21:54:25 - Acao: Remover Evento - Valores (ID = EV-02)
Data e Hora: 06/04/2016 21:55:29 - Acao: Adicionar Evento - Valores (ID = EV-02, Nome = hjk, Inicio = 01/01/2016 06:00, Fim = 01/01/2016 10:00, Area = hj, Contato = hjk, Repeticoes = 0)
Data e Hora: 06/04/2016 21:55:34 - Acao: Adicionar Alocacao - Valores (ID-SALA = SA-00, ID-EVENTO = EV-02)
Data e Hora: 06/04/2016 21:56:12 - Acao: Remover Evento - Valores (ID = EV-02)
Data e Hora: 06/04/2016 21:56:44 - Acao: Adicionar Evento - Valores (ID = EV-02, Nome = hjkl, Inicio = 01/01/2016 06:00, Fim = 01/01/2016 11:00, Area = gy, Contato = hj, Repeticoes = 0)
Data e Hora: 06/04/2016 21:56:50 - Acao: Adicionar Alocacao - Valores (ID-SALA = SA-00, ID-EVENTO = EV-02)
Data e Hora: 07/04/2016 19:57:24 - Acao: Adicionar Sala - Valores (ID = 76t , Capacidade = 76, Finalidade = Sala de conferencia, Tipo = Normal, Apelido = iuy, Aberta = false)
Data e Hora: 07/04/2016 19:57:41 - Acao: Adicionar Sala - Valores (ID = jjj , Capacidade = 8, Finalidade = Sala de Aula, Tipo = Normal, Apelido = 8, Aberta = false)
Data e Hora: 07/04/2016 20:02:44 - Acao: Adicionar Sala - Valores (ID = j, Capacidade = 3, Finalidade = Sala de conferencia, Tipo = Normal, Apelido = , Aberta = false)
Data e Hora: 07/04/2016 20:02:56 - Acao: Adicionar Sala - Valores (ID = 45, Capacidade = 45, Finalidade = Sala de Aula, Tipo = Normal, Apelido = rd, Aberta = false)
Data e Hora: 07/04/2016 20:03:07 - Acao: Adicionar Sala - Valores (ID = 45w, Capacidade = 3, Finalidade = Sala de Aula, Tipo = Normal, Apelido = rf, Aberta = true)
Data e Hora: 07/04/2016 20:03:15 - Acao: Adicionar Sala - Valores (ID = 3, Capacidade = 3, Finalidade = Sala de Aula, Tipo = Normal, Apelido = , Aberta = true)
Data e Hora: 07/04/2016 20:03:18 - Acao: Remover Sala - Valores (ID = 3)
Data e Hora: 07/04/2016 20:03:23 - Acao: Adicionar Sala (desfazer remocao) - Valores (ID = 3, Capacidade = 3, Finalidade = Sala de Aula, Tipo = Normal, Apelido = , Aberta = true)
Data e Hora: 07/04/2016 20:03:27 - Acao: Remover Sala (desfazer adicao) - Valores (ID = 3)
Data e Hora: 07/04/2016 20:03:31 - Acao: Remover Sala (desfazer adicao) - Valores (ID = 45w)
Data e Hora: 07/04/2016 20:05:55 - Acao: Adicionar Evento - Valores (ID = 5, Nome = hh, Inicio = 11/11/1111 11:11, Fim = 11/11/1111 11:11, Area = gy, Contato = f, Repeticoes = 0)
Data e Hora: 07/04/2016 20:09:42 - Acao: Adicionar Evento - Valores (ID = j, Nome = j, Inicio = 11/11/1111 11:11, Fim = 11/11/1111 11:11, Area = 11, Contato = d, Repeticoes = 0)
Data e Hora: 07/04/2016 20:10:13 - Acao: Adicionar Evento - Valores (ID = g, Nome = e, Inicio = 11/11/1111 11:11, Fim = 11/11/1111 11:11, Area = d, Contato = d, Repeticoes = 0)
Data e Hora: 07/04/2016 20:10:44 - Acao: Adicionar Evento - Valores (ID = ju, Nome = y, Inicio = __/__/____ __:__, Fim = __/__/____ __:__, Area = j, Contato = j, Repeticoes = 67)
Data e Hora: 07/04/2016 20:12:23 - Acao: Adicionar Evento - Valores (ID = a, Nome = a, Inicio = 11/11/1111 11:11, Fim = __/__/____ __:__, Area = d, Contato = d, Repeticoes = 0)
Data e Hora: 07/04/2016 20:13:34 - Acao: Adicionar Evento - Valores (ID = evntond, Nome = s, Inicio = __/__/____ __:__, Fim = 11/11/1111 11:11, Area = 1f, Contato = f, Repeticoes = 0)
Data e Hora: 07/04/2016 20:17:58 - Acao: Adicionar Evento - Valores (ID = ff, Nome = f, Inicio = 11/11/1111 11:11, Fim = 11/11/1111 11:11, Area = f, Contato = f, Repeticoes = 0)
Data e Hora: 07/04/2016 20:31:49 - Acao: Adicionar Alocacao - Valores (ID-SALA = jjj , ID-EVENTO = EV-02)
Data e Hora: 07/04/2016 20:31:56 - Acao: Adicionar Alocacao - Valores (ID-SALA = 76t , ID-EVENTO = g)
Data e Hora: 07/04/2016 20:32:18 - Acao: Adicionar Alocacao - Valores (ID-SALA = 45, ID-EVENTO = ff)
Data e Hora: 07/04/2016 20:32:21 - Acao: Remover Alocacao (desfazer adicao) - Valores (ID-EVENTO ALOCADO = ff)
Data e Hora: 07/04/2016 20:32:24 - Acao: Remover Alocacao (desfazer adicao) - Valores (ID-EVENTO ALOCADO = g)
Data e Hora: 07/04/2016 20:32:26 - Acao: Remover Alocacao (desfazer adicao) - Valores (ID-EVENTO ALOCADO = EV-02)
Data e Hora: 07/04/2016 20:42:55 - Acao: Remover Alocacao - Valores (ID-EVENTO ALOCADO = EV-05)
Data e Hora: 07/04/2016 20:43:02 - Acao: Remover Alocacao - Valores (ID-EVENTO ALOCADO = EV-07)
Data e Hora: 07/04/2016 20:43:04 - Acao: Remover Alocacao - Valores (ID-EVENTO ALOCADO = EV-08)
Data e Hora: 07/04/2016 20:43:09 - Acao: Remover Evento - Valores (ID = EV-01)
Data e Hora: 07/04/2016 20:43:10 - Acao: Remover Evento - Valores (ID = EV-07)
Data e Hora: 07/04/2016 20:43:39 - Acao: Adicionar Sala - Valores (ID = SA-01, Capacidade = 13, Finalidade = Sala de Aula, Tipo = Normal, Apelido = sala, Aberta = false)
Data e Hora: 08/04/2016 01:59:59 - Acao: Remover Sala - Valores (ID = SA-02)
Data e Hora: 08/04/2016 02:00:00 - Acao: Remover Sala - Valores (ID = SA-04)
Data e Hora: 08/04/2016 02:00:02 - Acao: Remover Sala - Valores (ID = LAB-01)
Data e Hora: 08/04/2016 02:00:03 - Acao: Remover Sala - Valores (ID = SA-03)
Data e Hora: 08/04/2016 02:00:04 - Acao: Remover Sala - Valores (ID = LAB-02)
Data e Hora: 08/04/2016 02:00:05 - Acao: Remover Sala - Valores (ID = LAB-04)
Data e Hora: 08/04/2016 02:00:06 - Acao: Remover Sala - Valores (ID = LAB-05)
Data e Hora: 08/04/2016 02:00:08 - Acao: Remover Sala - Valores (ID = SC-02)
Data e Hora: 08/04/2016 02:00:10 - Acao: Remover Sala - Valores (ID = SC-01)
Data e Hora: 08/04/2016 02:00:12 - Acao: Remover Evento - Valores (ID = EV-05)
Data e Hora: 08/04/2016 02:00:13 - Acao: Remover Evento - Valores (ID = EV-09)
Data e Hora: 08/04/2016 02:00:14 - Acao: Remover Evento - Valores (ID = EV-07)
Data e Hora: 08/04/2016 02:00:15 - Acao: Remover Evento - Valores (ID = EV-08)
Data e Hora: 08/04/2016 02:00:16 - Acao: Remover Evento - Valores (ID = EV-06)
Data e Hora: 08/04/2016 02:00:16 - Acao: Remover Evento - Valores (ID = EV-11)
Data e Hora: 08/04/2016 02:00:17 - Acao: Remover Evento - Valores (ID = EV-01)
Data e Hora: 08/04/2016 02:00:18 - Acao: Remover Evento - Valores (ID = EV-10)
Data e Hora: 08/04/2016 02:00:19 - Acao: Remover Evento - Valores (ID = EV-12)
Data e Hora: 08/04/2016 02:00:39 - Acao: Adicionar Sala - Valores (ID = SA-01, Capacidade = 12, Finalidade = Sala de Aula, Tipo = Normal, Apelido = , Aberta = false)
Data e Hora: 08/04/2016 02:01:08 - Acao: Adicionar Evento - Valores (ID = EV-88, Nome = primeiro, Inicio = 01/01/2016 05:00, Fim = 01/01/2016 10:00, Area = s, Contato = ds, Repeticoes = 0)
Data e Hora: 08/04/2016 02:01:53 - Acao: Adicionar Evento - Valores (ID = EV-89, Nome = segundo, Inicio = 01/01/2016 05:00, Fim = 01/01/2016 05:00, Area = rtyu, Contato = hj, Repeticoes = 0)
Data e Hora: 08/04/2016 02:02:21 - Acao: Adicionar Alocacao - Valores (ID-SALA = SA-01, ID-EVENTO = EV-88)
Data e Hora: 08/04/2016 02:02:26 - Acao: Adicionar Alocacao - Valores (ID-SALA = SA-01, ID-EVENTO = EV-89)
Data e Hora: 08/04/2016 02:05:55 - Acao: Adicionar Evento - Valores (ID = EV-88, Nome = 67, Inicio = 01/01/2016 10:00, Fim = 01/01/2016 10:00, Area = d, Contato = d, Repeticoes = 0)
Data e Hora: 08/04/2016 02:05:59 - Acao: Adicionar Evento - Valores (ID = EV-88, Nome = 67, Inicio = 01/01/2016 10:00, Fim = 01/01/2016 10:00, Area = d, Contato = d, Repeticoes = 0)
Data e Hora: 08/04/2016 02:06:07 - Acao: Adicionar Evento - Valores (ID = EV-88, Nome = 67, Inicio = 01/01/2016 10:00, Fim = 01/01/2016 90:00, Area = d, Contato = d, Repeticoes = 0)
Data e Hora: 08/04/2016 02:06:16 - Acao: Adicionar Evento - Valores (ID = EV-88, Nome = 67, Inicio = 01/01/2016 10:00, Fim = 01/01/2016 09:00, Area = d, Contato = d, Repeticoes = 0)
Data e Hora: 08/04/2016 02:06:24 - Acao: Adicionar Evento - Valores (ID = EV-88, Nome = 67, Inicio = 01/01/2016 10:00, Fim = 01/01/2016 11:00, Area = d, Contato = d, Repeticoes = 0)
Data e Hora: 08/04/2016 02:06:28 - Acao: Remover Evento - Valores (ID = EV-01)
Data e Hora: 08/04/2016 02:06:30 - Acao: Remover Evento - Valores (ID = EV-08)
Data e Hora: 08/04/2016 02:06:32 - Acao: Remover Evento - Valores (ID = EV-05)
Data e Hora: 08/04/2016 02:06:33 - Acao: Remover Evento - Valores (ID = EV-06)
Data e Hora: 08/04/2016 02:06:34 - Acao: Remover Evento - Valores (ID = EV-09)
Data e Hora: 08/04/2016 02:06:35 - Acao: Remover Evento - Valores (ID = EV-11)
Data e Hora: 08/04/2016 02:06:36 - Acao: Remover Evento - Valores (ID = EV-10)
Data e Hora: 08/04/2016 02:06:37 - Acao: Remover Evento - Valores (ID = EV-07)
Data e Hora: 08/04/2016 02:06:38 - Acao: Remover Evento - Valores (ID = EV-88)
Data e Hora: 08/04/2016 02:06:39 - Acao: Remover Evento - Valores (ID = EV-12)
Data e Hora: 08/04/2016 02:06:41 - Acao: Remover Sala - Valores (ID = SA-04)
Data e Hora: 08/04/2016 02:06:42 - Acao: Remover Sala - Valores (ID = LAB-01)
Data e Hora: 08/04/2016 02:06:43 - Acao: Remover Sala - Valores (ID = LAB-05)
Data e Hora: 08/04/2016 02:06:44 - Acao: Remover Sala - Valores (ID = LAB-04)
Data e Hora: 08/04/2016 02:06:46 - Acao: Remover Sala - Valores (ID = SA-03)
Data e Hora: 08/04/2016 02:06:47 - Acao: Remover Sala - Valores (ID = SA-02)
Data e Hora: 08/04/2016 02:06:47 - Acao: Remover Sala - Valores (ID = LAB-02)
Data e Hora: 08/04/2016 02:06:48 - Acao: Remover Sala - Valores (ID = SC-01)
Data e Hora: 08/04/2016 02:06:49 - Acao: Remover Sala - Valores (ID = SC-02)
Data e Hora: 08/04/2016 02:06:58 - Acao: Adicionar Sala - Valores (ID = SA-01, Capacidade = 12, Finalidade = Sala de Aula, Tipo = Normal, Apelido = , Aberta = false)
Data e Hora: 08/04/2016 02:07:36 - Acao: Adicionar Evento - Valores (ID = EV-01, Nome = hjkl, Inicio = 01/01/2016 05:00, Fim = 01/01/2016 10:00, Area = jkl, Contato = jk, Repeticoes = 0)
Data e Hora: 08/04/2016 02:08:20 - Acao: Adicionar Evento - Valores (ID = EV-02, Nome = gh, Inicio = 31/12/2015 12:00, Fim = 31/12/2015 10:00, Area = jkl, Contato = jk, Repeticoes = 0)
Data e Hora: 08/04/2016 02:08:29 - Acao: Adicionar Evento - Valores (ID = EV-02, Nome = gh, Inicio = 31/12/2015 12:00, Fim = 31/12/2015 16:00, Area = jkl, Contato = jk, Repeticoes = 0)
Data e Hora: 08/04/2016 02:09:16 - Acao: Adicionar Evento - Valores (ID = EV-03, Nome = ghjk, Inicio = 01/01/2016 10:00, Fim = 01/01/2016 11:00, Area = e, Contato = e, Repeticoes = 0)
Data e Hora: 08/04/2016 02:10:31 - Acao: Adicionar Evento - Valores (ID = EV-04, Nome = jk, Inicio = 01/01/2016 05:00, Fim = 01/01/2016 11:00, Area = d, Contato = d, Repeticoes = 0)
Data e Hora: 08/04/2016 02:10:57 - Acao: Adicionar Evento - Valores (ID = EV-05, Nome = dd, Inicio = 01/01/2016 03:00, Fim = 01/01/2016 06:00, Area = yu, Contato = jk, Repeticoes = 0)
Data e Hora: 08/04/2016 02:11:09 - Acao: Adicionar Alocacao - Valores (ID-SALA = SA-01, ID-EVENTO = EV-01)
Data e Hora: 08/04/2016 02:11:13 - Acao: Adicionar Alocacao - Valores (ID-SALA = SA-01, ID-EVENTO = EV-02)
Data e Hora: 08/04/2016 02:11:25 - Acao: Adicionar Alocacao - Valores (ID-SALA = SA-01, ID-EVENTO = EV-03)
Data e Hora: 08/04/2016 02:11:36 - Acao: Adicionar Alocacao - Valores (ID-SALA = SA-01, ID-EVENTO = EV-04)
Data e Hora: 08/04/2016 02:11:42 - Acao: Adicionar Alocacao - Valores (ID-SALA = SA-01, ID-EVENTO = EV-05)
Data e Hora: 08/04/2016 02:22:20 - Acao: Remover Alocacao - Valores (ID-EVENTO ALOCADO = EV-05)
Data e Hora: 08/04/2016 02:22:36 - Acao: Adicionar Alocacao - Valores (ID-SALA = SA-01, ID-EVENTO = EV-05)
Data e Hora: 08/04/2016 02:23:59 - Acao: Remover Alocacao - Valores (ID-EVENTO ALOCADO = EV-05)
Data e Hora: 08/04/2016 02:24:06 - Acao: Remover Alocacao - Valores (ID-EVENTO ALOCADO = EV-02)
Data e Hora: 08/04/2016 02:24:07 - Acao: Remover Alocacao - Valores (ID-EVENTO ALOCADO = EV-03)
Data e Hora: 08/04/2016 02:24:11 - Acao: Remover Evento - Valores (ID = EV-02)
Data e Hora: 08/04/2016 02:24:12 - Acao: Remover Evento - Valores (ID = EV-03)
Data e Hora: 08/04/2016 02:24:13 - Acao: Remover Evento - Valores (ID = EV-04)
Data e Hora: 08/04/2016 02:24:23 - Acao: Adicionar Alocacao - Valores (ID-SALA = SA-01, ID-EVENTO = EV-05)
Data e Hora: 08/04/2016 02:24:29 - Acao: Remover Alocacao - Valores (ID-EVENTO ALOCADO = EV-05)
Data e Hora: 08/04/2016 02:27:25 - Acao: Remover Sala - Valores (ID = SA-03)
Data e Hora: 08/04/2016 02:27:26 - Acao: Remover Sala - Valores (ID = LAB-02)
Data e Hora: 08/04/2016 02:27:27 - Acao: Remover Sala - Valores (ID = SA-04)
Data e Hora: 08/04/2016 02:27:28 - Acao: Remover Sala - Valores (ID = LAB-04)
Data e Hora: 08/04/2016 02:27:29 - Acao: Remover Sala - Valores (ID = SA-02)
Data e Hora: 08/04/2016 02:27:31 - Acao: Remover Sala - Valores (ID = LAB-01)
Data e Hora: 08/04/2016 02:27:32 - Acao: Remover Sala - Valores (ID = LAB-05)
Data e Hora: 08/04/2016 02:27:34 - Acao: Remover Sala - Valores (ID = SC-01)
Data e Hora: 08/04/2016 02:27:35 - Acao: Remover Sala - Valores (ID = SC-02)
Data e Hora: 08/04/2016 02:27:38 - Acao: Remover Evento - Valores (ID = EV-07)
Data e Hora: 08/04/2016 02:27:38 - Acao: Remover Evento - Valores (ID = EV-06)
Data e Hora: 08/04/2016 02:27:39 - Acao: Remover Evento - Valores (ID = EV-01)
Data e Hora: 08/04/2016 02:27:39 - Acao: Remover Evento - Valores (ID = EV-09)
Data e Hora: 08/04/2016 02:27:40 - Acao: Remover Evento - Valores (ID = EV-05)
Data e Hora: 08/04/2016 02:27:41 - Acao: Remover Evento - Valores (ID = EV-10)
Data e Hora: 08/04/2016 02:27:42 - Acao: Remover Evento - Valores (ID = EV-08)
Data e Hora: 08/04/2016 02:27:43 - Acao: Remover Evento - Valores (ID = EV-12)
Data e Hora: 08/04/2016 02:27:43 - Acao: Remover Evento - Valores (ID = EV-11)
Data e Hora: 08/04/2016 02:28:08 - Acao: Adicionar Evento - Valores (ID = EV-01, Nome = jkl, Inicio = 01/01/2016 05:00, Fim = 01/01/2016 10:00, Area = jk, Contato = jk, Repeticoes = 0)
Data e Hora: 08/04/2016 02:28:39 - Acao: Adicionar Evento - Valores (ID = EV-02, Nome = hjk, Inicio = 01/01/2016 03:00, Fim = 01/01/2016 06:00, Area = kl, Contato = m, Repeticoes = 0)
Data e Hora: 08/04/2016 02:28:49 - Acao: Adicionar Sala - Valores (ID = SA-01, Capacidade = 7, Finalidade = Sala de Aula, Tipo = Normal, Apelido = , Aberta = false)
Data e Hora: 08/04/2016 02:28:57 - Acao: Adicionar Alocacao - Valores (ID-SALA = SA-01, ID-EVENTO = EV-01)
Data e Hora: 08/04/2016 02:28:59 - Acao: Remover Alocacao - Valores (ID-EVENTO ALOCADO = EV-01)
Data e Hora: 08/04/2016 02:29:03 - Acao: Adicionar Alocacao - Valores (ID-SALA = SA-01, ID-EVENTO = EV-02)
Data e Hora: 08/04/2016 02:29:09 - Acao: Adicionar Alocacao - Valores (ID-SALA = SA-01, ID-EVENTO = EV-01)
Data e Hora: 08/04/2016 02:29:12 - Acao: Remover Alocacao - Valores (ID-EVENTO ALOCADO = EV-02)
Data e Hora: 08/04/2016 02:29:17 - Acao: Adicionar Alocacao - Valores (ID-SALA = SA-01, ID-EVENTO = EV-01)
Data e Hora: 08/04/2016 02:29:22 - Acao: Adicionar Alocacao - Valores (ID-SALA = SA-01, ID-EVENTO = EV-02)
Data e Hora: 08/04/2016 02:31:13 - Acao: Adicionar Evento - Valores (ID = EV-03, Nome = outro dia, Inicio = 31/12/2015 07:00, Fim = 31/12/2015 08:00, Area = ds, Contato = sd, Repeticoes = 0)
Data e Hora: 08/04/2016 02:31:16 - Acao: Remover Evento - Valores (ID = EV-02)
Data e Hora: 08/04/2016 02:31:23 - Acao: Adicionar Alocacao - Valores (ID-SALA = SA-01, ID-EVENTO = EV-03)
Data e Hora: 08/04/2016 02:34:50 - Acao: Adicionar Evento - Valores (ID = EV-05, Nome = k, Inicio = 31/12/2015 06:00, Fim = 31/12/2015 08:00, Area = jk, Contato = jk, Repeticoes = 2)
Data e Hora: 08/04/2016 02:35:01 - Acao: Remover Evento - Valores (ID = EV-03)
Data e Hora: 08/04/2016 02:35:05 - Acao: Adicionar Alocacao - Valores (ID-SALA = SA-01, ID-EVENTO = EV-05)
Data e Hora: 08/04/2016 02:42:37 - Acao: Remover Alocacao - Valores (ID-EVENTO ALOCADO = EV-05)
Data e Hora: 08/04/2016 02:45:14 - Acao: Remover Evento - Valores (ID = EV-01)
Data e Hora: 08/04/2016 02:45:17 - Acao: Remover Evento - Valores (ID = EV-07)
Data e Hora: 08/04/2016 02:45:17 - Acao: Remover Evento - Valores (ID = EV-09)
Data e Hora: 08/04/2016 02:45:20 - Acao: Remover Evento - Valores (ID = EV-05)
Data e Hora: 08/04/2016 02:45:21 - Acao: Remover Evento - Valores (ID = EV-06)
Data e Hora: 08/04/2016 02:45:21 - Acao: Remover Evento - Valores (ID = EV-11)
Data e Hora: 08/04/2016 02:45:22 - Acao: Remover Evento - Valores (ID = EV-10)
Data e Hora: 08/04/2016 02:45:23 - Acao: Remover Evento - Valores (ID = EV-12)
Data e Hora: 08/04/2016 02:45:25 - Acao: Remover Evento - Valores (ID = EV-08)
Data e Hora: 08/04/2016 02:45:27 - Acao: Remover Sala - Valores (ID = SA-02)
Data e Hora: 08/04/2016 02:45:28 - Acao: Remover Sala - Valores (ID = LAB-01)
Data e Hora: 08/04/2016 02:45:28 - Acao: Remover Sala - Valores (ID = LAB-02)
Data e Hora: 08/04/2016 02:45:29 - Acao: Remover Sala - Valores (ID = SA-03)
Data e Hora: 08/04/2016 02:45:30 - Acao: Remover Sala - Valores (ID = SA-04)
Data e Hora: 08/04/2016 02:45:30 - Acao: Remover Sala - Valores (ID = LAB-05)
Data e Hora: 08/04/2016 02:45:31 - Acao: Remover Sala - Valores (ID = LAB-04)
Data e Hora: 08/04/2016 02:45:32 - Acao: Remover Sala - Valores (ID = SC-01)
Data e Hora: 08/04/2016 02:45:33 - Acao: Remover Sala - Valores (ID = SC-02)
Data e Hora: 08/04/2016 02:45:41 - Acao: Adicionar Sala - Valores (ID = SA-01, Capacidade = 2, Finalidade = Sala de Aula, Tipo = Normal, Apelido = e, Aberta = false)
Data e Hora: 08/04/2016 02:46:22 - Acao: Adicionar Evento - Valores (ID = EV-01, Nome = normal, Inicio = 08/01/2016 05:00, Fim = 08/01/2016 10:00, Area = d, Contato = d, Repeticoes = 0)
Data e Hora: 08/04/2016 02:48:07 - Acao: Adicionar Evento - Valores (ID = EV-02, Nome = dd, Inicio = 04/12/2015 05:00, Fim = 04/12/2015 10:00, Area = d, Contato = d, Repeticoes = 25)
Data e Hora: 08/04/2016 02:48:14 - Acao: Adicionar Alocacao - Valores (ID-SALA = SA-01, ID-EVENTO = EV-01)
Data e Hora: 08/04/2016 02:48:18 - Acao: Adicionar Alocacao - Valores (ID-SALA = SA-01, ID-EVENTO = EV-02)
Data e Hora: 08/04/2016 02:48:20 - Acao: Remover Alocacao - Valores (ID-EVENTO ALOCADO = EV-02)
Data e Hora: 08/04/2016 02:48:45 - Acao: Adicionar Alocacao - Valores (ID-SALA = SA-01, ID-EVENTO = EV-02)
Data e Hora: 08/04/2016 02:48:48 - Acao: Remover Alocacao - Valores (ID-EVENTO ALOCADO = EV-02)
Data e Hora: 08/04/2016 02:51:43 - Acao: Adicionar Alocacao - Valores (ID-SALA = SA-01, ID-EVENTO = EV-02)
Data e Hora: 08/04/2016 02:51:45 - Acao: Remover Alocacao - Valores (ID-EVENTO ALOCADO = EV-02)
Data e Hora: 08/04/2016 02:52:15 - Acao: Adicionar Alocacao - Valores (ID-SALA = SA-01, ID-EVENTO = EV-02)
Data e Hora: 08/04/2016 02:52:17 - Acao: Remover Alocacao - Valores (ID-EVENTO ALOCADO = EV-02)
Data e Hora: 12/04/2016 15:59:31 - Acao: Remover Alocacao - Valores (ID-EVENTO ALOCADO = EV-07)
Data e Hora: 12/04/2016 15:59:32 - Acao: Adicionar Alocacao (desfazer remocao) - Valores (ID-SALA = SC-01, ID-EVENTO = EV-07)
Data e Hora: 12/04/2016 16:44:13 - Acao: Remover Sala - Valores (ID = LAB-01)
Data e Hora: 12/04/2016 16:44:15 - Acao: Adicionar Sala (desfazer remocao) - Valores (ID = LAB-01, Capacidade = 25, Finalidade = Laboratorio, Tipo = quimica, Apelido = , Aberta = false)
Data e Hora: 12/04/2016 21:47:50 - Acao: Remover Sala - Valores (ID = SC-02)
Data e Hora: 14/04/2016 19:36:06 - Acao: Adicionar Evento - Valores (ID = aq, Nome = a, Inicio = 11/11/1111 11:11, Fim = 11/11/1111 11:11, Area = d, Contato = d, Repeticoes = 3, Tipo = Diario)
Data e Hora: 14/04/2016 19:36:14 - Acao: Adicionar Evento - Valores (ID = aq, Nome = a, Inicio = 11/11/1111 11:11, Fim = 11/11/1111 11:13, Area = d, Contato = d, Repeticoes = 3, Tipo = Diario)
Data e Hora: 14/04/2016 19:36:17 - Acao: Adicionar Evento - Valores (ID = aq, Nome = a, Inicio = 11/11/1111 11:11, Fim = 11/11/1111 11:13, Area = d, Contato = d, Repeticoes = 3, Tipo = Diario)
Data e Hora: 14/04/2016 19:38:00 - Acao: Adicionar Evento - Valores (ID = fv, Nome = gft, Inicio = 11/11/1111 11:11, Fim = 11/11/1111 11:12, Area = df, Contato = de, Repeticoes = 0, Tipo = --- selecione o tipo de repeticao ---)
Data e Hora: 14/04/2016 19:39:12 - Acao: Adicionar Evento - Valores (ID = bgvcfb, Nome = bgf, Inicio = 11/11/1111 11:11, Fim = 11/11/1111 11:12, Area = s, Contato = x, Repeticoes = 0, Tipo = --- selecione o tipo de repeticao ---)
Data e Hora: 14/04/2016 19:41:08 - Acao: Adicionar Evento - Valores (ID = fdcsfv, Nome = ef, Inicio = 11/11/1111 11:11, Fim = 11/11/1111 11:22, Area = s, Contato = x, Repeticoes = 0, Tipo = --- selecione o tipo de repeticao ---)
Data e Hora: 14/04/2016 19:42:46 - Acao: Adicionar Evento - Valores (ID = dfs, Nome = sfsf, Inicio = 11/11/1111 11:11, Fim = 11/11/1111 11:22, Area = aq, Contato = a, Repeticoes = 0, Tipo = --- selecione o tipo de repeticao ---)
Data e Hora: 14/04/2016 19:44:50 - Acao: Adicionar Evento - Valores (ID = aaa, Nome = aaaa, Inicio = 11/11/1111 11:11, Fim = 11/11/1111 11:12, Area = sw, Contato = x, Repeticoes = 1, Tipo = Diario)
Data e Hora: 14/04/2016 19:45:47 - Acao: Remover Evento - Valores (ID = aaa)
Data e Hora: 14/04/2016 19:46:03 - Acao: Adicionar Evento - Valores (ID = as, Nome = sss, Inicio = 11/11/1111 11:11, Fim = 11/11/1111 11:12, Area = ss, Contato = s, Repeticoes = 23, Tipo = Diario)
Data e Hora: 14/04/2016 19:49:11 - Acao: Adicionar Evento - Valores (ID = sss, Nome = ssssss, Inicio = 11/11/1111 11:11, Fim = 11/11/1111 11:12, Area = s, Contato = s, Repeticoes = 4, Tipo = Mensal)
Data e Hora: 14/04/2016 19:50:39 - Acao: Adicionar Evento - Valores (ID = vdfvg, Nome = gdfg, Inicio = 11/11/1111 11:11, Fim = 11/11/1111 11:12, Area = sas, Contato = asxasas, Repeticoes = 2, Tipo = Diario)
Data e Hora: 14/04/2016 19:52:34 - Acao: Adicionar Evento - Valores (ID = 23, Nome = 23, Inicio = 11/11/1111 11:11, Fim = 11/11/1111 11:14, Area = f, Contato = f, Repeticoes = 34, Tipo = Diario)
Data e Hora: 14/04/2016 19:54:45 - Acao: Adicionar Evento - Valores (ID = fdsf, Nome = fsdsfsff, Inicio = 11/11/1111 11:11, Fim = 11/11/1111 11:22, Area = sx, Contato = xxx, Repeticoes = 3, Tipo = Mensal)
Data e Hora: 14/04/2016 19:58:15 - Acao: Adicionar Evento - Valores (ID = gfdgdf, Nome = gfdgdf, Inicio = 11/11/1111 11:11, Fim = 11/11/1111 11:33, Area = ghjk, Contato = ghj, Repeticoes = 4, Tipo = Diario)
Data e Hora: 14/04/2016 20:02:54 - Acao: Adicionar Evento - Valores (ID = dgf, Nome = gdfgdfg, Inicio = 11/11/1111 11:11, Fim = 11/11/1111 11:16, Area = hyik, Contato = vkbj, Repeticoes = 7, Tipo = Semanal)
Data e Hora: 14/04/2016 20:05:07 - Acao: Adicionar Evento - Valores (ID = cz, Nome = cvvfzs, Inicio = 11/11/1111 11:11, Fim = 11/11/1111 11:22, Area = sd, Contato = d, Repeticoes = 6, Tipo = Diario)
Data e Hora: 14/04/2016 20:11:24 - Acao: Adicionar Evento - Valores (ID = ed, Nome = jhkl, Inicio = 11/11/1111 11:11, Fim = 11/11/1111 11:22, Area = jklbhnk, Contato = jnl, Repeticoes = 3, Tipo = Semanal)
Data e Hora: 14/04/2016 20:15:02 - Acao: Adicionar Evento - Valores (ID = xcfv, Nome = xgbdfg, Inicio = 11/11/1111 11:11, Fim = 11/11/1111 11:22, Area = s, Contato = sdd, Repeticoes = 4, Tipo = Diario)
Data e Hora: 14/04/2016 20:28:54 - Acao: Adicionar Sala - Valores (ID = SA-00, Capacidade = 22, Finalidade = Sala de Aula, Tipo = Normal, Apelido = ee2, Aberta = false)
Data e Hora: 14/04/2016 20:29:41 - Acao: Adicionar Evento - Valores (ID = EV-01, Nome = eee, Inicio = 14/04/2016 05:00, Fim = 14/04/2016 10:00, Area = araeradf, Contato = ADFTRAYV, Repeticoes = 0, Tipo = --- selecione o tipo de repeticao ---)
Data e Hora: 14/04/2016 20:29:48 - Acao: Adicionar Alocacao - Valores (ID-SALA = SA-00, ID-EVENTO = EV-01)
Data e Hora: 14/04/2016 20:33:07 - Acao: Adicionar Evento - Valores (ID = EV-88, Nome = uytfyug, Inicio = 14/04/2016 05:00, Fim = 14/04/2016 10:00, Area = jk, Contato = kk, Repeticoes = 0, Tipo = Sem repeticao)
Data e Hora: 14/04/2016 20:33:15 - Acao: Remover Evento - Valores (ID = EV-01)
Data e Hora: 14/04/2016 20:34:02 - Acao: Adicionar Evento - Valores (ID = EV-01, Nome = klglk, Inicio = 14/04/2016 05:10, Fim = 14/04/2016 10:00, Area = jkb, Contato = gjkgjk, Repeticoes = 33, Tipo = Diario)
Data e Hora: 14/04/2016 20:34:07 - Acao: Remover Evento - Valores (ID = EV-01)
Data e Hora: 14/04/2016 20:43:57 - Acao: Adicionar Evento - Valores (ID = EV-01, Nome = eddxd, Inicio = 14/04/2016 05:10, Fim = 14/04/2016 06:00, Area = ghk, Contato = hj, Repeticoes = 0, Tipo = Sem repeticao)
Data e Hora: 14/04/2016 20:44:01 - Acao: Adicionar Alocacao - Valores (ID-SALA = SA-00, ID-EVENTO = EV-88)
Data e Hora: 14/04/2016 20:44:09 - Acao: Adicionar Alocacao - Valores (ID-SALA = SA-00, ID-EVENTO = EV-01)
Data e Hora: 14/04/2016 20:44:14 - Acao: Remover Alocacao - Valores (ID-EVENTO ALOCADO = EV-88)
Data e Hora: 14/04/2016 20:44:18 - Acao: Adicionar Alocacao - Valores (ID-SALA = SA-00, ID-EVENTO = EV-01)
Data e Hora: 14/04/2016 20:44:23 - Acao: Adicionar Alocacao - Valores (ID-SALA = SA-00, ID-EVENTO = EV-88)
Data e Hora: 14/04/2016 20:46:18 - Acao: Remover Evento - Valores (ID = EV-88)
Data e Hora: 14/04/2016 20:47:17 - Acao: Adicionar Evento - Valores (ID = EV-dfgh, Nome = k, Inicio = 07/04/2016 05:10, Fim = 07/04/2016 10:00, Area = jlkbhk, Contato = kl, Repeticoes = 2, Tipo = Semanal)
Data e Hora: 14/04/2016 20:47:22 - Acao: Adicionar Alocacao - Valores (ID-SALA = SA-00, ID-EVENTO = EV-dfgh)
Data e Hora: 14/04/2016 20:51:00 - Acao: Remover Alocacao - Valores (ID-EVENTO ALOCADO = EV-01)
Data e Hora: 14/04/2016 20:51:01 - Acao: Remover Alocacao - Valores (ID-EVENTO ALOCADO = EV-11)
Data e Hora: 14/04/2016 20:52:31 - Acao: Adicionar Evento - Valores (ID = fdxvd, Nome = dfg, Inicio = 01/01/2016 01:00, Fim = 01/01/2016 12:00, Area = hkg, Contato = kghl, Repeticoes = 4, Tipo = Mensal)
Data e Hora: 14/04/2016 20:52:34 - Acao: Remover Evento - Valores (ID = fdxvd)
Data e Hora: 14/04/2016 20:52:36 - Acao: Adicionar Evento (desfazer remocao) - Valores (ID = fdxvd, Nome = dfg, Inicio = 01/01/2016 01:00, Fim = 01/01/2016 12:00, Area = hkg, Contato = kghl, Repeticoes = 4, Tipo = Mensal)
Data e Hora: 14/04/2016 20:52:44 - Acao: Remover Evento - Valores (ID = fdxvd)
Data e Hora: 14/04/2016 20:53:04 - Acao: Adicionar Evento - Valores (ID = bfdb, Nome = fdgdfg, Inicio = 01/01/2016 05:00, Fim = 01/01/2016 10:00, Area = vcds, Contato = ghvhjk,, Repeticoes = 5, Tipo = Diario)
Data e Hora: 14/04/2016 20:53:08 - Acao: Remover Evento - Valores (ID = bfdb)
Data e Hora: 14/04/2016 20:53:09 - Acao: Adicionar Evento (desfazer remocao) - Valores (ID = bfdb, Nome = fdgdfg, Inicio = 01/01/2016 05:00, Fim = 01/01/2016 10:00, Area = vcds, Contato = ghvhjk,, Repeticoes = 5, Tipo = Diario)
Data e Hora: 14/04/2016 20:53:43 - Acao: Remover Evento - Valores (ID = bfdb)
Data e Hora: 14/04/2016 20:54:02 - Acao: Adicionar Sala - Valores (ID = SA-01, Capacidade = 12, Finalidade = Sala de Aula, Tipo = Normal, Apelido = , Aberta = false)
Data e Hora: 14/04/2016 20:54:48 - Acao: Adicionar Evento - Valores (ID = EV-99, Nome = DCSC, Inicio = 01/01/2016 05:00, Fim = 01/01/2016 10:00, Area = RTYUIO, Contato = RTYU, Repeticoes = 0, Tipo = Sem repeticao)
Data e Hora: 14/04/2016 20:55:02 - Acao: Adicionar Alocacao - Valores (ID-SALA = SA-01, ID-EVENTO = EV-99)
Data e Hora: 14/04/2016 20:55:24 - Acao: Adicionar Evento - Valores (ID = EV-100, Nome = HJYGFK, Inicio = 01/01/2016 04:00, Fim = 01/01/2016 08:00, Area = B,K, Contato = KJLN, Repeticoes = 0, Tipo = Sem repeticao)
Data e Hora: 14/04/2016 20:55:28 - Acao: Adicionar Alocacao - Valores (ID-SALA = SA-01, ID-EVENTO = EV-100)
Data e Hora: 14/04/2016 20:55:47 - Acao: Remover Evento - Valores (ID = EV-100)
Data e Hora: 14/04/2016 20:56:06 - Acao: Adicionar Evento - Valores (ID = EV-100, Nome = CFACF, Inicio = 01/01/2016 05:00, Fim = 01/01/2016 10:00, Area = JKBG, Contato = LNJKL, Repeticoes = 0, Tipo = Sem repeticao)
Data e Hora: 14/04/2016 20:56:10 - Acao: Adicionar Alocacao - Valores (ID-SALA = SA-01, ID-EVENTO = EV-100)
Data e Hora: 14/04/2016 20:56:21 - Acao: Remover Evento - Valores (ID = EV-100)
Data e Hora: 14/04/2016 20:56:42 - Acao: Adicionar Evento - Valores (ID = EV-100, Nome = DSD, Inicio = 01/01/2016 05:00, Fim = 01/01/2016 08:00, Area = HLKÇ, Contato = JKLMÇ, Repeticoes = 0, Tipo = Sem repeticao)
Data e Hora: 14/04/2016 20:56:47 - Acao: Adicionar Alocacao - Valores (ID-SALA = SA-01, ID-EVENTO = EV-100)
Data e Hora: 14/04/2016 20:56:58 - Acao: Remover Evento - Valores (ID = EV-100)
Data e Hora: 14/04/2016 20:57:25 - Acao: Adicionar Evento - Valores (ID = EV-100, Nome = DFF, Inicio = 01/01/2016 04:00, Fim = 01/01/2016 10:00, Area = DEF, Contato = DED, Repeticoes = 0, Tipo = Sem repeticao)
Data e Hora: 14/04/2016 20:57:30 - Acao: Adicionar Alocacao - Valores (ID-SALA = SA-01, ID-EVENTO = EV-100)
Data e Hora: 14/04/2016 20:57:38 - Acao: Remover Evento - Valores (ID = EV-100)
Data e Hora: 14/04/2016 20:58:17 - Acao: Adicionar Evento - Valores (ID = EV-100, Nome = 14621602, Inicio = 01/01/2016 04:00, Fim = 01/01/2016 05:00, Area = JKGUI, Contato = HL, Repeticoes = 0, Tipo = Sem repeticao)
Data e Hora: 14/04/2016 20:58:22 - Acao: Adicionar Alocacao - Valores (ID-SALA = SA-01, ID-EVENTO = EV-100)
Data e Hora: 14/04/2016 20:58:32 - Acao: Adicionar Alocacao - Valores (ID-SALA = SA-01, ID-EVENTO = EV-100)
Data e Hora: 14/04/2016 20:59:17 - Acao: Adicionar Evento - Valores (ID = GFCNH, Nome = FHTR, Inicio = 12/12/1212 01:00, Fim = 12/12/1212 10:00, Area = JKGH, Contato = LONKM, Repeticoes = 0, Tipo = Sem repeticao)
Data e Hora: 14/04/2016 20:59:21 - Acao: Adicionar Alocacao - Valores (ID-SALA = SA-01, ID-EVENTO = GFCNH)
Data e Hora: 14/04/2016 20:59:23 - Acao: Remover Alocacao - Valores (ID-EVENTO ALOCADO = GFCNH)
Data e Hora: 14/04/2016 20:59:29 - Acao: Remover Evento - Valores (ID = GFCNH)
Data e Hora: 14/04/2016 21:04:08 - Acao: Adicionar Sala - Valores (ID = sa00, Capacidade = 9087, Finalidade = Sala de Aula, Tipo = Normal, Apelido = , Aberta = false)
Data e Hora: 14/04/2016 21:04:37 - Acao: Adicionar Evento - Valores (ID = EV-01, Nome = KLHKJM, Inicio = 01/01/2016 04:00, Fim = 01/01/2016 05:00, Area = JKG, Contato = H, Repeticoes = 0, Tipo = Sem repeticao)
Data e Hora: 14/04/2016 21:04:58 - Acao: Adicionar Evento - Valores (ID = EV-02, Nome = 646, Inicio = 01/01/2016 05:00, Fim = 01/01/2016 10:00, Area = DDD, Contato = DDDF, Repeticoes = 0, Tipo = Sem repeticao)
Data e Hora: 14/04/2016 21:05:03 - Acao: Adicionar Alocacao - Valores (ID-SALA = sa00, ID-EVENTO = EV-02)
Data e Hora: 14/04/2016 21:05:07 - Acao: Adicionar Alocacao - Valores (ID-SALA = sa00, ID-EVENTO = EV-01)
Data e Hora: 14/04/2016 21:05:10 - Acao: Remover Alocacao - Valores (ID-EVENTO ALOCADO = EV-01)
Data e Hora: 14/04/2016 21:05:11 - Acao: Remover Alocacao - Valores (ID-EVENTO ALOCADO = EV-02)
Data e Hora: 14/04/2016 21:05:15 - Acao: Adicionar Alocacao - Valores (ID-SALA = sa00, ID-EVENTO = EV-01)
Data e Hora: 14/04/2016 21:05:19 - Acao: Adicionar Alocacao - Valores (ID-SALA = sa00, ID-EVENTO = EV-02)
Data e Hora: 14/04/2016 21:05:29 - Acao: Remover Alocacao - Valores (ID-EVENTO ALOCADO = EV-02)
Data e Hora: 14/04/2016 21:05:31 - Acao: Remover Evento - Valores (ID = EV-02)
Data e Hora: 14/04/2016 21:05:57 - Acao: Adicionar Evento - Valores (ID = EV-01, Nome = CDDFD, Inicio = 01/01/2016 04:00, Fim = 01/01/2016 08:00, Area = JBH,KL, Contato = N,K, Repeticoes = 0, Tipo = Sem repeticao)
Data e Hora: 14/04/2016 21:06:03 - Acao: Adicionar Evento - Valores (ID = EV-02, Nome = CDDFD, Inicio = 01/01/2016 04:00, Fim = 01/01/2016 08:00, Area = JBH,KL, Contato = N,K, Repeticoes = 0, Tipo = Sem repeticao)
Data e Hora: 14/04/2016 21:06:07 - Acao: Adicionar Alocacao - Valores (ID-SALA = sa00, ID-EVENTO = EV-02)
Data e Hora: 14/04/2016 21:37:47 - Acao: Remover Evento - Valores (ID = EV-02)
Data e Hora: 14/04/2016 21:37:52 - Acao: Remover Sala - Valores (ID = sa00)
Data e Hora: 14/04/2016 21:38:03 - Acao: Adicionar Sala - Valores (ID = SA-01, Capacidade = 21, Finalidade = Sala de Aula, Tipo = Normal, Apelido = , Aberta = false)
Data e Hora: 14/04/2016 21:38:12 - Acao: Remover Evento - Valores (ID = EV-01)
Data e Hora: 14/04/2016 21:38:51 - Acao: Adicionar Evento - Valores (ID = EV-01, Nome = eded, Inicio = 14/04/2016 05:00, Fim = 14/04/2016 10:00, Area = jgki, Contato = jkl, Repeticoes = 2, Tipo = Diario)
Data e Hora: 14/04/2016 21:39:03 - Acao: Adicionar Alocacao - Valores (ID-SALA = SA-01, ID-EVENTO = EV-01)
Data e Hora: 14/04/2016 21:41:27 - Acao: Adicionar Evento - Valores (ID = EV-02, Nome = h, Inicio = 15/04/2016 08:00, Fim = 15/04/2016 09:00, Area = bgjkh, Contato = hkl, Repeticoes = 1, Tipo = Diario)
Data e Hora: 14/04/2016 21:41:37 - Acao: Adicionar Alocacao - Valores (ID-SALA = SA-01, ID-EVENTO = EV-02)
Data e Hora: 14/04/2016 21:42:17 - Acao: Remover Alocacao - Valores (ID-EVENTO ALOCADO = EV-02)
Data e Hora: 14/04/2016 21:42:21 - Acao: Adicionar Alocacao - Valores (ID-SALA = SA-01, ID-EVENTO = EV-02)
Data e Hora: 14/04/2016 21:43:25 - Acao: Remover Alocacao - Valores (ID-EVENTO ALOCADO = EV-02)
Data e Hora: 14/04/2016 21:43:29 - Acao: Remover Evento - Valores (ID = EV-02)
Data e Hora: 14/04/2016 21:43:33 - Acao: Remover Evento - Valores (ID = EV-01)
Data e Hora: 14/04/2016 21:44:16 - Acao: Adicionar Evento - Valores (ID = EV-01, Nome = dcdd, Inicio = 11/04/2016 05:00, Fim = 11/04/2016 10:00, Area = mgj, Contato = kh, Repeticoes = 2, Tipo = Diario)
Data e Hora: 14/04/2016 21:44:22 - Acao: Adicionar Alocacao - Valores (ID-SALA = SA-01, ID-EVENTO = EV-01)
Data e Hora: 14/04/2016 21:45:03 - Acao: Adicionar Evento - Valores (ID = EV-02, Nome = lkjgh, Inicio = 12/04/2016 05:00, Fim = 12/04/2016 10:00, Area = jhkl, Contato = j, Repeticoes = 1, Tipo = Diario)
Data e Hora: 14/04/2016 21:45:11 - Acao: Adicionar Alocacao - Valores (ID-SALA = SA-01, ID-EVENTO = EV-02)
Data e Hora: 14/04/2016 21:48:23 - Acao: Remover Evento - Valores (ID = EV-02)
Data e Hora: 14/04/2016 21:49:12 - Acao: Adicionar Evento - Valores (ID = EV-02, Nome = ohylç, Inicio = 05/04/2016 05:00, Fim = 05/04/2016 10:00, Area = jgk, Contato = jkn, Repeticoes = 2, Tipo = Semanal)
Data e Hora: 14/04/2016 21:49:17 - Acao: Adicionar Alocacao - Valores (ID-SALA = SA-01, ID-EVENTO = EV-02)
Data e Hora: 14/04/2016 21:49:33 - Acao: Remover Alocacao - Valores (ID-EVENTO ALOCADO = EV-02)
Data e Hora: 14/04/2016 21:49:48 - Acao: Adicionar Alocacao - Valores (ID-SALA = SA-01, ID-EVENTO = EV-02)
Data e Hora: 14/04/2016 21:49:51 - Acao: Remover Alocacao - Valores (ID-EVENTO ALOCADO = EV-02)
Data e Hora: 14/04/2016 21:50:23 - Acao: Adicionar Alocacao - Valores (ID-SALA = SA-01, ID-EVENTO = EV-02)
Data e Hora: 14/04/2016 21:50:25 - Acao: Remover Alocacao - Valores (ID-EVENTO ALOCADO = EV-02)
Data e Hora: 14/04/2016 21:51:47 - Acao: Adicionar Alocacao - Valores (ID-SALA = SA-01, ID-EVENTO = EV-02)
Data e Hora: 14/04/2016 21:51:50 - Acao: Remover Alocacao - Valores (ID-EVENTO ALOCADO = EV-02)
Data e Hora: 14/04/2016 21:52:53 - Acao: Adicionar Alocacao - Valores (ID-SALA = SA-01, ID-EVENTO = EV-02)
Data e Hora: 14/04/2016 21:52:55 - Acao: Remover Alocacao - Valores (ID-EVENTO ALOCADO = EV-02)
Data e Hora: 15/04/2016 00:44:46 - Acao: Adicionar Sala - Valores (ID = SA-01, Capacidade = 67, Finalidade = Sala de Aula, Tipo = Normal, Apelido = ss, Aberta = false)
Data e Hora: 15/04/2016 00:45:34 - Acao: Adicionar Evento - Valores (ID = EV-01, Nome = ddds, Inicio = 15/04/2016 05:00, Fim = 15/04/2016 10:00, Area = wd, Contato = dw, Repeticoes = 2, Tipo = Diario)
Data e Hora: 15/04/2016 00:45:43 - Acao: Adicionar Alocacao - Valores (ID-SALA = SA-01, ID-EVENTO = EV-01)
Data e Hora: 15/04/2016 00:46:15 - Acao: Adicionar Evento - Valores (ID = EV-02, Nome = iguhoj, Inicio = 16/04/2016 05:00, Fim = 16/04/2016 10:00, Area = hbkjn, Contato = jn, Repeticoes = 0, Tipo = Sem repeticao)
Data e Hora: 15/04/2016 00:46:21 - Acao: Adicionar Alocacao - Valores (ID-SALA = SA-01, ID-EVENTO = EV-02)
Data e Hora: 15/04/2016 00:47:16 - Acao: Adicionar Alocacao - Valores (ID-SALA = SA-01, ID-EVENTO = EV-02)
Data e Hora: 15/04/2016 00:47:25 - Acao: Remover Evento - Valores (ID = EV-02)
Data e Hora: 15/04/2016 00:47:47 - Acao: Adicionar Evento - Valores (ID = EV-02, Nome = ihoj, Inicio = 17/04/2016 05:00, Fim = 17/04/2016 10:00, Area = ihlkj, Contato = jn,m, Repeticoes = 0, Tipo = Sem repeticao)
Data e Hora: 15/04/2016 00:48:13 - Acao: Adicionar Alocacao - Valores (ID-SALA = SA-01, ID-EVENTO = EV-02)
Data e Hora: 15/04/2016 00:48:19 - Acao: Remover Evento - Valores (ID = EV-02)
Data e Hora: 15/04/2016 01:05:57 - Acao: Adicionar Sala - Valores (ID = SA-01, Capacidade = 8, Finalidade = Sala de Aula, Tipo = Normal, Apelido = , Aberta = false)
Data e Hora: 15/04/2016 01:06:44 - Acao: Adicionar Evento - Valores (ID = EV-01, Nome = evento, Inicio = 11/11/1111 11:11, Fim = 11/11/1111 22:22, Area = ertyu, Contato = ghj, Repeticoes = 0, Tipo = Sem repeticao)
Data e Hora: 15/04/2016 01:06:50 - Acao: Adicionar Alocacao - Valores (ID-SALA = SA-01, ID-EVENTO = EV-01)
Data e Hora: 15/04/2016 01:07:21 - Acao: Adicionar Evento - Valores (ID = EV-02, Nome = fghj, Inicio = 11/11/1111 13:13, Fim = 11/11/1111 14:14, Area = ghj, Contato = tjh, Repeticoes = 0, Tipo = Sem repeticao)
Data e Hora: 15/04/2016 01:07:37 - Acao: Adicionar Alocacao - Valores (ID-SALA = SA-01, ID-EVENTO = EV-02)
Data e Hora: 15/04/2016 01:09:57 - Acao: Adicionar Alocacao - Valores (ID-SALA = SA-01, ID-EVENTO = EV-02)
Data e Hora: 15/04/2016 18:33:26 - Acao: Adicionar Evento - Valores (ID = ED, Nome = uhojk, Inicio = 11/11/1111 11:11, Fim = 11/11/1111 11:12, Area = ljknl, Contato = d, Repeticoes = 3, Tipo = Diario)
Data e Hora: 15/04/2016 18:33:52 - Acao: Adicionar Evento - Valores (ID = fdf, Nome = efw, Inicio = 11/11/1111 11:11, Fim = 11/11/1111 11:22, Area = dcd, Contato = c, Repeticoes = 0, Tipo = Sem repeticao)
Data e Hora: 15/04/2016 18:35:16 - Acao: Adicionar Evento - Valores (ID = fef, Nome = ef, Inicio = 11/11/1111 11:11, Fim = 11/11/1111 12:22, Area = dx, Contato = cc, Repeticoes = 2, Tipo = Diario)
Data e Hora: 15/04/2016 18:35:27 - Acao: Remover Evento - Valores (ID = fef)
Data e Hora: 15/04/2016 18:35:28 - Acao: Adicionar Evento (desfazer remocao) - Valores (ID = fef, Nome = ef, Inicio = 11/11/1111 11:11, Fim = 11/11/1111 12:22, Area = dx, Contato = cc, Repeticoes = 2, Tipo = Diario)